<?xml version="1.0" encoding="utf-8"?><testsuites name="pytest tests"><testsuite name="pytest" errors="0" failures="0" skipped="0" tests="22" time="30.193" timestamp="2026-09-15T15:45:42.904225+00:00" hostname="agent-env-1ad06855-f778-4a19-be94-08843a49cc0d"><testcase classname="tests.backend_test.TestAuth" name="test_register_returns_token_and_sets_cookie" time="2.119" /><testcase classname="tests.backend_test.TestProducts" name="test_products_requires_auth" time="2.082" /><testcase classname="tests.backend_test.TestProducts" name="test_create_product_full" time="3.142" /><testcase classname="tests.backend_test.TestAuth" name="test_register_duplicate" time="3.954" /><testcase classname="tests.backend_test.TestAuth" name="test_login_admin_success" time="2.118" /><testcase classname="tests.backend_test.TestProducts" name="test_list_products_only_own" time="3.743" /><testcase classname="tests.backend_test.TestAuth" name="test_login_invalid" time="2.207" /><testcase classname="tests.backend_test.TestProducts" name="test_get_product_by_id" time="1.473" /><testcase classname="tests.backend_test.TestProducts" name="test_get_other_users_product_404" time="0.800" /><testcase classname="tests.backend_test.TestProducts" name="test_partial_update" time="1.174" /><testcase classname="tests.backend_test.TestAuth" name="test_me_with_token" time="2.781" /><testcase classname="tests.backend_test.TestProducts" name="test_other_user_cannot_update" time="0.830" /><testcase classname="tests.backend_test.TestAuth" name="test_me_without_token" time="0.696" /><testcase classname="tests.backend_test.TestProducts" name="test_adjust_decrement_and_floor" time="2.570" /><testcase classname="tests.backend_test.TestAuth" name="test_logout_clears_cookie" time="2.110" /><testcase classname="tests.backend_test.TestProducts" name="test_adjust_increment" time="0.771" /><testcase classname="tests.backend_test.TestConfig" name="test_default_config_for_new_user" time="0.676" /><testcase classname="tests.backend_test.TestProducts" name="test_other_user_cannot_delete" time="0.557" /><testcase classname="tests.backend_test.TestConfig" name="test_update_and_get_config" time="1.557" /><testcase classname="tests.backend_test.TestProducts" name="test_delete_and_verify" time="1.031" /><testcase classname="tests.backend_test.TestConfig" name="test_config_requires_auth" time="2.143" /><testcase classname="tests.backend_test.TestIsolationConfig" name="test_config_isolated" time="1.135" /></testsuite></testsuites>